This is pdfTeX, Version 3.141592653-2.6-1.40.25 (MiKTeX 23.10.12) (preloaded format=latex 2023.10.21)  28 OCT 2023 10:55
entering extended mode
 restricted \write18 enabled.
 %&-line parsing enabled.
**./latexmkrc
(latexmkrc
LaTeX2e <2023-06-01> patch level 1
L3 programming layer <2023-10-10>
! You can't use `macro parameter character #' in vertical mode.
l.1 #
      This file is part of the TUM Overleaf template.
? 

! LaTeX Error: Missing \begin{document}.

See the LaTeX manual or LaTeX Companion for explanation.
Type  H <return>  for immediate help.
 ...                                              
                                                  
l.1 # T
       his file is part of the TUM Overleaf template.
? 
! Emergency stop.
 ...                                              
                                                  
l.1 # T
       his file is part of the TUM Overleaf template.
You're in trouble here.  Try typing  <return>  to proceed.
If that doesn't work, type  X <return>  to quit.

 
Here is how much of TeX's memory you used:
 19 strings out of 474824
 631 string characters out of 5746225
 1920040 words of memory out of 5000000
 22067 multiletter control sequences out of 15000+600000
 558069 words of font info for 36 fonts, out of 8000000 for 9000
 1141 hyphenation exceptions out of 8191
 15i,0n,18p,96b,14s stack positions out of 10000i,1000n,20000p,200000b,200000s
No pages of output.
